{
  "stats": {
    "suites": 1,
    "tests": 3,
    "passes": 3,
    "pending": 0,
    "failures": 0,
    "start": "2021-07-18T05:47:22.246Z",
    "end": "2021-07-18T05:47:25.689Z",
    "duration": 3443,
    "testsRegistered": 3,
    "passPercent": 100,
    "pendingPercent": 0,
    "other": 0,
    "hasOther": false,
    "skipped": 0,
    "hasSkipped": false
  },
  "results": [
    {
      "uuid": "260dfd9c-de0d-4050-b2e9-a095d34b7fd6",
      "title": "",
      "fullFile": "cypress/integration/toDoListTest.js",
      "file": "cypress/integration/toDoListTest.js",
      "beforeHooks": [],
      "afterHooks": [],
      "tests": [],
      "suites": [
        {
          "uuid": "d93ee466-2628-45a4-ad6f-97f0c3941605",
          "title": "ToDo List Test Suite",
          "fullFile": "",
          "file": "",
          "beforeHooks": [],
          "afterHooks": [],
          "tests": [
            {
              "title": "Validation of availability of elements",
              "fullTitle": "ToDo List Test Suite Validation of availability of elements",
              "timedOut": null,
              "duration": 1112,
              "state": "passed",
              "speed": "slow",
              "pass": true,
              "fail": false,
              "pending": false,
              "context": null,
              "code": "hpObj.validateAvailabilityOfElements();",
              "err": {},
              "uuid": "451bad09-e265-42ab-85b6-15166d0baefb",
              "parentUUID": "d93ee466-2628-45a4-ad6f-97f0c3941605",
              "isHook": false,
              "skipped": false
            },
            {
              "title": "Validation of adding a task to list",
              "fullTitle": "ToDo List Test Suite Validation of adding a task to list",
              "timedOut": null,
              "duration": 473,
              "state": "passed",
              "speed": "slow",
              "pass": true,
              "fail": false,
              "pending": false,
              "context": null,
              "code": "const task = \"Get Milk\";\nhpObj.addTaskInToDoList(task);",
              "err": {},
              "uuid": "7c9e382f-917d-41c0-a068-5838a52766e6",
              "parentUUID": "d93ee466-2628-45a4-ad6f-97f0c3941605",
              "isHook": false,
              "skipped": false
            },
            {
              "title": "Validation deletion of single task from list",
              "fullTitle": "ToDo List Test Suite Validation deletion of single task from list",
              "timedOut": null,
              "duration": 183,
              "state": "passed",
              "speed": "slow",
              "pass": true,
              "fail": false,
              "pending": false,
              "context": null,
              "code": "hpObj.deleteSingleTask();",
              "err": {},
              "uuid": "95bede24-2a74-48f1-b80e-149c9c1cd8c2",
              "parentUUID": "d93ee466-2628-45a4-ad6f-97f0c3941605",
              "isHook": false,
              "skipped": false
            }
          ],
          "suites": [],
          "passes": [
            "451bad09-e265-42ab-85b6-15166d0baefb",
            "7c9e382f-917d-41c0-a068-5838a52766e6",
            "95bede24-2a74-48f1-b80e-149c9c1cd8c2"
          ],
          "failures": [],
          "pending": [],
          "skipped": [],
          "duration": 1768,
          "root": false,
          "rootEmpty": false,
          "_timeout": 2000
        }
      ],
      "passes": [],
      "failures": [],
      "pending": [],
      "skipped": [],
      "duration": 0,
      "root": true,
      "rootEmpty": true,
      "_timeout": 2000
    }
  ],
  "meta": {
    "mocha": {
      "version": "7.0.1"
    },
    "mochawesome": {
      "options": {
        "quiet": false,
        "reportFilename": "testReport",
        "saveHtml": true,
        "saveJson": true,
        "consoleReporter": "spec",
        "useInlineDiffs": false,
        "code": true
      },
      "version": "6.2.2"
    },
    "marge": {
      "options": {
        "reportFilename": "testReport",
        "overwrite": false,
        "html": true,
        "json": true,
        "charts": true
      },
      "version": "5.2.0"
    }
  }
}