{
  "stats": {
    "suites": 1,
    "tests": 3,
    "passes": 3,
    "pending": 0,
    "failures": 0,
    "start": "2021-07-18T05:40:10.355Z",
    "end": "2021-07-18T05:40:13.756Z",
    "duration": 3401,
    "testsRegistered": 3,
    "passPercent": 100,
    "pendingPercent": 0,
    "other": 0,
    "hasOther": false,
    "skipped": 0,
    "hasSkipped": false
  },
  "results": [
    {
      "uuid": "093e24d4-c54a-4ba9-b9d8-a18578e8590b",
      "title": "",
      "fullFile": "cypress/integration/toDoListTest.js",
      "file": "cypress/integration/toDoListTest.js",
      "beforeHooks": [],
      "afterHooks": [],
      "tests": [],
      "suites": [
        {
          "uuid": "819dd3a8-cb88-4ec9-8e1c-c7f372af0a0e",
          "title": "ToDo List Test Suite",
          "fullFile": "",
          "file": "",
          "beforeHooks": [],
          "afterHooks": [],
          "tests": [
            {
              "title": "Validation of availability of elements",
              "fullTitle": "ToDo List Test Suite Validation of availability of elements",
              "timedOut": null,
              "duration": 1139,
              "state": "passed",
              "speed": "slow",
              "pass": true,
              "fail": false,
              "pending": false,
              "context": null,
              "code": "hpObj.validateAvailabilityOfElements();",
              "err": {},
              "uuid": "8e3ff992-7000-4b00-a2c3-28ab7f1507fd",
              "parentUUID": "819dd3a8-cb88-4ec9-8e1c-c7f372af0a0e",
              "isHook": false,
              "skipped": false
            },
            {
              "title": "Validation of adding a task to list",
              "fullTitle": "ToDo List Test Suite Validation of adding a task to list",
              "timedOut": null,
              "duration": 433,
              "state": "passed",
              "speed": "slow",
              "pass": true,
              "fail": false,
              "pending": false,
              "context": null,
              "code": "const task = \"Get Milk\";\nhpObj.addTaskInToDoList(task);",
              "err": {},
              "uuid": "14686b89-b336-42ad-85c6-5f692c9d63aa",
              "parentUUID": "819dd3a8-cb88-4ec9-8e1c-c7f372af0a0e",
              "isHook": false,
              "skipped": false
            },
            {
              "title": "Validation deletion of single task from list",
              "fullTitle": "ToDo List Test Suite Validation deletion of single task from list",
              "timedOut": null,
              "duration": 186,
              "state": "passed",
              "speed": "slow",
              "pass": true,
              "fail": false,
              "pending": false,
              "context": null,
              "code": "hpObj.deleteSingleTask();",
              "err": {},
              "uuid": "fa3a21a6-6a83-4bb2-8990-11d2d5bf51cc",
              "parentUUID": "819dd3a8-cb88-4ec9-8e1c-c7f372af0a0e",
              "isHook": false,
              "skipped": false
            }
          ],
          "suites": [],
          "passes": [
            "8e3ff992-7000-4b00-a2c3-28ab7f1507fd",
            "14686b89-b336-42ad-85c6-5f692c9d63aa",
            "fa3a21a6-6a83-4bb2-8990-11d2d5bf51cc"
          ],
          "failures": [],
          "pending": [],
          "skipped": [],
          "duration": 1758,
          "root": false,
          "rootEmpty": false,
          "_timeout": 2000
        }
      ],
      "passes": [],
      "failures": [],
      "pending": [],
      "skipped": [],
      "duration": 0,
      "root": true,
      "rootEmpty": true,
      "_timeout": 2000
    }
  ],
  "meta": {
    "mocha": {
      "version": "7.0.1"
    },
    "mochawesome": {
      "options": {
        "quiet": false,
        "reportFilename": "testReport",
        "saveHtml": true,
        "saveJson": true,
        "consoleReporter": "spec",
        "useInlineDiffs": false,
        "code": true
      },
      "version": "6.2.2"
    },
    "marge": {
      "options": {
        "reportFilename": "testReport",
        "overwrite": false,
        "html": true,
        "json": true,
        "charts": true
      },
      "version": "5.2.0"
    }
  }
}